<?xml version="1.0" encoding="UTF-8"?>
<testng-results ignored="0" total="1" passed="0" failed="1" skipped="0">
  <reporter-output>
  </reporter-output>
  <suite started-at="2023-05-04T04:29:16Z" name="Default suite" finished-at="2023-05-04T04:29:17Z" duration-ms="315">
    <groups>
    </groups>
    <test started-at="2023-05-04T04:29:16Z" name="Default test" finished-at="2023-05-04T04:29:17Z" duration-ms="315">
      <class name="test.CreatAccountTeast">
        <test-method is-config="true" signature="setup()[pri:0, instance:test.CreatAccountTeast@78e4deb0]" started-at="2023-05-04T00:29:15Z" name="setup" finished-at="2023-05-04T00:29:16Z" duration-ms="1354" status="PASS">
          <reporter-output>
          </reporter-output>
        </test-method> <!-- setup -->
        <test-method signature="creataccounttest(java.lang.String, java.lang.String, java.lang.String, java.lang.String, java.lang.String)[pri:0, instance:test.CreatAccountTeast@78e4deb0]" started-at="2023-05-04T00:29:17Z" name="creataccounttest" data-provider="find" finished-at="2023-05-04T00:29:17Z" duration-ms="12" status="FAIL">
          <params>
            <param index="0">
              <value>
                <![CDATA[mohammad]]>
              </value>
            </param>
            <param index="1">
              <value>
                <![CDATA[Rahman]]>
              </value>
            </param>
            <param index="2">
              <value>
                <![CDATA[dolonchapa]]>
              </value>
            </param>
            <param index="3">
              <value>
                <![CDATA[Jun]]>
              </value>
            </param>
            <param index="4">
              <value>
                <![CDATA[Male]]>
              </value>
            </param>
          </params>
          <exception class="java.lang.Error">
            <message>
              <![CDATA[Unresolved compilation problem: 
	s cannot be resolved to a variable
]]>
            </message>
            <full-stacktrace>
              <![CDATA[java.lang.Error: Unresolved compilation problem: 
	s cannot be resolved to a variable

	at test.CreatAccountTeast.creataccounttest(CreatAccountTeast.java:18)
	at java.base/jdk.internal.reflect.DirectMethodHandleAccessor.invoke(DirectMethodHandleAccessor.java:104)
	at java.base/java.lang.reflect.Method.invoke(Method.java:577)
	at org.testng.internal.MethodInvocationHelper.invokeMethod(MethodInvocationHelper.java:104)
	at org.testng.internal.Invoker.invokeMethod(Invoker.java:645)
	at org.testng.internal.Invoker.invokeTestMethod(Invoker.java:851)
	at org.testng.internal.Invoker.invokeTestMethods(Invoker.java:1177)
	at org.testng.internal.TestMethodWorker.invokeTestMethods(TestMethodWorker.java:129)
	at org.testng.internal.TestMethodWorker.run(TestMethodWorker.java:112)
	at org.testng.TestRunner.privateRun(TestRunner.java:756)
	at org.testng.TestRunner.run(TestRunner.java:610)
	at org.testng.SuiteRunner.runTest(SuiteRunner.java:387)
	at org.testng.SuiteRunner.runSequentially(SuiteRunner.java:382)
	at org.testng.SuiteRunner.privateRun(SuiteRunner.java:340)
	at org.testng.SuiteRunner.run(SuiteRunner.java:289)
	at org.testng.SuiteRunnerWorker.runSuite(SuiteRunnerWorker.java:52)
	at org.testng.SuiteRunnerWorker.run(SuiteRunnerWorker.java:86)
	at org.testng.TestNG.runSuitesSequentially(TestNG.java:1293)
	at org.testng.TestNG.runSuitesLocally(TestNG.java:1218)
	at org.testng.TestNG.runSuites(TestNG.java:1133)
	at org.testng.TestNG.run(TestNG.java:1104)
	at org.testng.remote.AbstractRemoteTestNG.run(AbstractRemoteTestNG.java:115)
	at org.testng.remote.RemoteTestNG.initAndRun(RemoteTestNG.java:251)
	at org.testng.remote.RemoteTestNG.main(RemoteTestNG.java:77)
]]>
            </full-stacktrace>
          </exception> <!-- java.lang.Error -->
          <reporter-output>
          </reporter-output>
        </test-method> <!-- creataccounttest -->
      </class> <!-- test.CreatAccountTeast -->
    </test> <!-- Default test -->
  </suite> <!-- Default suite -->
</testng-results>
